/home/gmonitor/install.sh
/home/gmonitor/dompiweb.config
/home/gmonitor/create.sql
/home/gmonitor/init.sql
/home/gmonitor/funcion.tab
/home/gmonitor/funcion_parametro.tab
/home/gmonitor/server.tab
/home/gmonitor/server_parametro.tab
/home/gmonitor/gmond
/home/gmonitor/html
/home/gmonitor/cgi

/usr/sbin/gmd
/usr/sbin/gmt
/usr/sbin/gmq
/usr/sbin/gm_default
/usr/sbin/gm_config
/usr/sbin/gm_sbuffer
/usr/sbin/gm_squeue
/usr/sbin/gm_timer
/usr/sbin/gm_transac

/usr/sbin/gmon_config
/usr/sbin/gmon_start
/usr/sbin/gmon_status
/usr/sbin/gmon_stop
/usr/sbin/gmonitor-start.sh
/usr/sbin/gmonitor-stop.sh

/usr/bin/gm_loglevel
/usr/bin/gm_safcfg
/usr/bin/gm_viewcfg

/usr/lib/libgmc.a
/usr/lib/libgmc.la
/usr/lib/libgmc.so.0.0.0
/usr/lib/libgmq.a
/usr/lib/libgmq.la
/usr/lib/libgmq.so.0.0.0
/usr/lib/libgmqw.a
/usr/lib/libgmqw.la
/usr/lib/libgmqw.so.0.0.0
/usr/lib/libgmshared.a
/usr/lib/libgmshared.la
/usr/lib/libgmshared.so.0.0.0

/usr/local/sbin/dompi_server
/usr/local/sbin/dompi_netcomm
/usr/local/sbin/dompi_cloud
/usr/local/sbin/dompi_gsm

/etc/sysconfig/gmonitor
/etc/xinetd.d/gmonitor
/etc/cron.daily/clean-gmonitor-logs
/usr/local/sbin/clean-gmonitor-old-logs.sh
/usr/local/sbin/drop_ipc.sh
